0 info it worked if it ends with ok
1 verbose cli [ 'C:\\program files\\nodejs\\node.exe',
1 verbose cli   'C:\\program files\\nodejs\\node_modules\\npm\\bin\\npm-cli.js',
1 verbose cli   'start' ]
2 info using npm@3.10.8
3 info using node@v6.9.1
4 verbose run-script [ 'prestart', 'start', 'poststart' ]
5 info lifecycle drawingtool@0.0.0~prestart: drawingtool@0.0.0
6 silly lifecycle drawingtool@0.0.0~prestart: no script for prestart, continuing
7 info lifecycle drawingtool@0.0.0~start: drawingtool@0.0.0
8 verbose lifecycle drawingtool@0.0.0~start: unsafe-perm in lifecycle true
9 verbose lifecycle drawingtool@0.0.0~start: PATH: C:\program files\nodejs\node_modules\npm\bin\node-gyp-bin;C:\Users\Momchil\Desktop\DrawingTool\node_modules\.bin;C:\Program Files\Git\mingw64\bin;C:\Program Files\Git\usr\bin;C:\Users\Momchil\bin;C:\windows\system32;C:\windows;C:\windows\system32\wbem;C:\windows\system32\windowspowershell\v1.0;C:\program files (x86)\intel\opencl sdk\2.0\bin\x86;C:\program files (x86)\intel\opencl sdk\2.0\bin\x64;C:\program files\microsoft sql server\110\tools\binn;C:\program files\nodejs;C:\Program Files\Git\cmd;C:\Program Files (x86)\Skype\Phone;C:\Program Files (x86)\NVIDIA Corporation\PhysX\Common;C:\Users\Momchil\AppData\Roaming\npm;C:\Program Files\MongoDB\Server\3.2\bin;C:\Users\Momchil\AppData\Roaming\npm\express;C:\Program Files\Heroku\bin;C:\Program Files (x86)\Microsoft VS Code\bin
10 verbose lifecycle drawingtool@0.0.0~start: CWD: C:\Users\Momchil\Desktop\DrawingTool
11 silly lifecycle drawingtool@0.0.0~start: Args: [ '/d /s /c', 'node ./bin/www' ]
12 verbose stack Error: kill ENOSYS
12 verbose stack     at exports._errnoException (util.js:1026:11)
12 verbose stack     at process.kill (internal/process.js:172:13)
12 verbose stack     at process.listener (C:\program files\nodejs\node_modules\npm\node_modules\npmlog\node_modules\gauge\node_modules\signal-exit\index.js:86:15)
12 verbose stack     at emitNone (events.js:91:20)
12 verbose stack     at process.emit (events.js:185:7)
12 verbose stack     at processEmit (C:\program files\nodejs\node_modules\npm\node_modules\npmlog\node_modules\gauge\node_modules\signal-exit\index.js:146:32)
12 verbose stack     at processEmit (C:\program files\nodejs\node_modules\npm\node_modules\npm-registry-client\node_modules\npmlog\node_modules\gauge\node_modules\signal-exit\index.js:146:32)
12 verbose stack     at Signal.wrap.onsignal (internal/process.js:199:44)
13 verbose cwd C:\Users\Momchil\Desktop\DrawingTool
14 error Windows_NT 6.1.7601
15 error argv "C:\\program files\\nodejs\\node.exe" "C:\\program files\\nodejs\\node_modules\\npm\\bin\\npm-cli.js" "start"
16 error node v6.9.1
17 error npm  v3.10.8
18 error code ENOSYS
19 error errno ENOSYS
20 error syscall kill
21 error kill ENOSYS
22 error If you need help, you may report this error at:
22 error     <https://github.com/npm/npm/issues>
23 verbose exit [ 1, true ]
